TN:
SF:src/index.ts
FN:10,(anonymous_8)
FN:17,(anonymous_9)
FN:17,(anonymous_10)
FN:26,(anonymous_11)
FN:29,(anonymous_12)
FNF:5
FNH:3
FNDA:2,(anonymous_8)
FNDA:0,(anonymous_9)
FNDA:0,(anonymous_10)
FNDA:1,(anonymous_11)
FNDA:1,(anonymous_12)
DA:1,1
DA:3,1
DA:4,1
DA:6,1
DA:8,1
DA:10,1
DA:11,2
DA:14,2
DA:15,2
DA:17,2
DA:18,0
DA:21,2
DA:23,2
DA:26,1
DA:27,1
DA:28,1
DA:29,1
DA:30,1
DA:33,0
DA:37,1
LF:20
LH:18
BRF:0
BRH:0
end_of_record
TN:
SF:src/api/controllers/ingredient/index.ts
FN:6,(anonymous_13)
FN:6,(anonymous_14)
FN:10,(anonymous_15)
FN:10,(anonymous_16)
FN:14,(anonymous_17)
FN:14,(anonymous_18)
FN:18,(anonymous_19)
FN:18,(anonymous_20)
FN:24,(anonymous_21)
FN:24,(anonymous_22)
FNF:10
FNH:0
FNDA:0,(anonymous_13)
FNDA:0,(anonymous_14)
FNDA:0,(anonymous_15)
FNDA:0,(anonymous_16)
FNDA:0,(anonymous_17)
FNDA:0,(anonymous_18)
FNDA:0,(anonymous_19)
FNDA:0,(anonymous_20)
FNDA:0,(anonymous_21)
FNDA:0,(anonymous_22)
DA:1,1
DA:4,1
DA:6,1
DA:7,0
DA:10,1
DA:11,0
DA:14,1
DA:15,0
DA:18,1
DA:19,0
DA:21,0
DA:24,1
DA:25,0
LF:13
LH:7
BRF:0
BRH:0
end_of_record
TN:
SF:src/api/controllers/ingredient/mapper.ts
FN:4,(anonymous_0)
FNF:1
FNH:0
FNDA:0,(anonymous_0)
DA:4,1
DA:5,0
LF:2
LH:1
BRF:0
BRH:0
end_of_record
TN:
SF:src/api/controllers/recipes/index.ts
FN:10,(anonymous_14)
FN:10,(anonymous_15)
FN:14,(anonymous_16)
FN:14,(anonymous_17)
FN:18,(anonymous_18)
FN:18,(anonymous_19)
FN:22,(anonymous_20)
FN:26,(anonymous_21)
FN:26,(anonymous_22)
FN:27,(anonymous_23)
FNF:10
FNH:5
FNDA:0,(anonymous_14)
FNDA:0,(anonymous_15)
FNDA:0,(anonymous_16)
FNDA:0,(anonymous_17)
FNDA:1,(anonymous_18)
FNDA:1,(anonymous_19)
FNDA:0,(anonymous_20)
FNDA:1,(anonymous_21)
FNDA:1,(anonymous_22)
FNDA:1,(anonymous_23)
DA:2,1
DA:3,1
DA:6,1
DA:8,1
DA:10,1
DA:11,0
DA:14,1
DA:15,0
DA:18,1
DA:19,1
DA:22,1
DA:23,0
DA:26,1
DA:27,1
DA:29,1
DA:30,1
DA:33,1
LF:17
LH:14
BRDA:29,0,0,1
BRF:1
BRH:1
end_of_record
TN:
SF:src/api/controllers/recipes/mapper.ts
FN:4,(anonymous_0)
FNF:1
FNH:1
FNDA:3,(anonymous_0)
DA:4,3
LF:1
LH:1
BRF:0
BRH:0
end_of_record
TN:
SF:src/api/routes/categories.ts
FN:5,(anonymous_0)
FN:9,(anonymous_1)
FN:14,(anonymous_2)
FN:18,(anonymous_3)
FN:22,(anonymous_4)
FNF:5
FNH:0
FNDA:0,(anonymous_0)
FNDA:0,(anonymous_1)
FNDA:0,(anonymous_2)
FNDA:0,(anonymous_3)
FNDA:0,(anonymous_4)
DA:1,1
DA:3,1
DA:5,1
DA:9,1
DA:14,1
DA:18,1
DA:22,1
DA:26,1
LF:8
LH:8
BRF:0
BRH:0
end_of_record
TN:
SF:src/api/routes/index.ts
FNF:0
FNH:0
DA:1,1
DA:2,1
DA:3,1
DA:4,1
DA:5,1
DA:7,1
DA:9,1
DA:10,1
DA:11,1
DA:12,1
DA:14,1
LF:11
LH:11
BRF:0
BRH:0
end_of_record
TN:
SF:src/api/routes/ingredients.ts
FN:8,(anonymous_13)
FN:8,(anonymous_14)
FN:15,(anonymous_15)
FN:15,(anonymous_16)
FN:23,(anonymous_17)
FN:23,(anonymous_18)
FN:32,(anonymous_19)
FN:32,(anonymous_20)
FN:39,(anonymous_21)
FN:39,(anonymous_22)
FNF:10
FNH:0
FNDA:0,(anonymous_13)
FNDA:0,(anonymous_14)
FNDA:0,(anonymous_15)
FNDA:0,(anonymous_16)
FNDA:0,(anonymous_17)
FNDA:0,(anonymous_18)
FNDA:0,(anonymous_19)
FNDA:0,(anonymous_20)
FNDA:0,(anonymous_21)
FNDA:0,(anonymous_22)
DA:1,1
DA:3,1
DA:6,1
DA:8,1
DA:9,0
DA:11,0
DA:12,0
DA:15,1
DA:16,0
DA:17,0
DA:19,0
DA:20,0
DA:23,1
DA:24,0
DA:26,0
DA:27,0
DA:32,1
DA:33,0
DA:35,0
DA:36,0
DA:39,1
DA:40,0
DA:42,0
DA:43,0
DA:46,1
LF:25
LH:9
BRF:0
BRH:0
end_of_record
TN:
SF:src/api/routes/recipes.ts
FN:10,(anonymous_13)
FN:10,(anonymous_14)
FN:18,(anonymous_15)
FN:18,(anonymous_16)
FN:26,(anonymous_17)
FN:26,(anonymous_18)
FN:35,(anonymous_19)
FN:35,(anonymous_20)
FN:45,(anonymous_21)
FN:45,(anonymous_22)
FNF:10
FNH:4
FNDA:1,(anonymous_13)
FNDA:1,(anonymous_14)
FNDA:1,(anonymous_15)
FNDA:1,(anonymous_16)
FNDA:0,(anonymous_17)
FNDA:0,(anonymous_18)
FNDA:0,(anonymous_19)
FNDA:0,(anonymous_20)
FNDA:0,(anonymous_21)
FNDA:0,(anonymous_22)
DA:1,1
DA:4,1
DA:6,1
DA:8,1
DA:10,1
DA:11,1
DA:13,1
DA:15,1
DA:18,1
DA:19,1
DA:21,1
DA:23,1
DA:26,1
DA:27,0
DA:28,0
DA:30,0
DA:32,0
DA:35,1
DA:36,0
DA:38,0
DA:40,0
DA:45,1
DA:46,0
DA:48,0
DA:50,0
DA:69,1
LF:26
LH:16
BRF:0
BRH:0
end_of_record
TN:
SF:src/api/routes/reviews.ts
FN:5,(anonymous_0)
FN:9,(anonymous_1)
FN:13,(anonymous_2)
FN:17,(anonymous_3)
FN:21,(anonymous_4)
FN:25,(anonymous_5)
FN:29,(anonymous_6)
FNF:7
FNH:0
FNDA:0,(anonymous_0)
FNDA:0,(anonymous_1)
FNDA:0,(anonymous_2)
FNDA:0,(anonymous_3)
FNDA:0,(anonymous_4)
FNDA:0,(anonymous_5)
FNDA:0,(anonymous_6)
DA:1,1
DA:3,1
DA:5,1
DA:9,1
DA:13,1
DA:17,1
DA:21,1
DA:25,1
DA:29,1
DA:33,1
LF:10
LH:10
BRF:0
BRH:0
end_of_record
TN:
SF:src/db/config.ts
FN:17,(anonymous_1)
FN:27,(anonymous_2)
FN:37,(anonymous_3)
FNF:3
FNH:1
FNDA:0,(anonymous_1)
FNDA:0,(anonymous_2)
FNDA:2,(anonymous_3)
DA:1,2
DA:2,2
DA:3,2
DA:6,2
DA:8,2
DA:10,2
DA:11,2
DA:12,2
DA:13,2
DA:14,2
DA:16,2
DA:18,0
DA:20,0
DA:22,0
DA:23,0
DA:26,0
DA:27,0
DA:28,0
DA:30,0
DA:32,0
DA:33,0
DA:34,0
DA:38,2
DA:39,2
DA:41,2
DA:42,2
DA:45,0
DA:46,0
DA:48,0
DA:53,2
DA:60,2
LF:31
LH:17
BRDA:10,0,0,2
BRDA:10,0,1,0
BRDA:22,1,0,0
BRDA:28,2,0,0
BRDA:28,2,1,0
BRDA:32,3,0,0
BRDA:41,4,0,2
BRF:7
BRH:2
end_of_record
TN:
SF:src/db/init.ts
FN:8,(anonymous_0)
FNF:1
FNH:1
FNDA:1,(anonymous_0)
DA:1,1
DA:3,1
DA:5,1
DA:6,1
DA:8,1
DA:17,1
LF:6
LH:6
BRDA:9,0,0,1
BRDA:9,0,1,1
BRDA:10,1,0,1
BRDA:10,1,1,1
BRDA:11,2,0,1
BRDA:11,2,1,1
BRDA:12,3,0,1
BRDA:12,3,1,1
BRDA:13,4,0,1
BRDA:13,4,1,1
BRDA:14,5,0,1
BRDA:14,5,1,1
BRF:12
BRH:12
end_of_record
TN:
SF:src/db/dal/ingredient.ts
FN:8,(anonymous_7)
FN:8,(anonymous_8)
FN:14,(anonymous_9)
FN:14,(anonymous_10)
FN:25,(anonymous_11)
FN:25,(anonymous_12)
FN:37,(anonymous_13)
FN:37,(anonymous_14)
FN:48,(anonymous_15)
FN:48,(anonymous_16)
FN:56,(anonymous_17)
FN:56,(anonymous_18)
FN:65,(anonymous_19)
FN:65,(anonymous_20)
FNF:14
FNH:0
FNDA:0,(anonymous_7)
FNDA:0,(anonymous_8)
FNDA:0,(anonymous_9)
FNDA:0,(anonymous_10)
FNDA:0,(anonymous_11)
FNDA:0,(anonymous_12)
FNDA:0,(anonymous_13)
FNDA:0,(anonymous_14)
FNDA:0,(anonymous_15)
FNDA:0,(anonymous_16)
FNDA:0,(anonymous_17)
FNDA:0,(anonymous_18)
FNDA:0,(anonymous_19)
FNDA:0,(anonymous_20)
DA:1,2
DA:2,2
DA:4,2
DA:8,2
DA:9,0
DA:11,0
DA:14,2
DA:15,0
DA:22,0
DA:25,2
DA:26,0
DA:28,0
DA:30,0
DA:33,0
DA:34,0
DA:37,2
DA:38,0
DA:40,0
DA:42,0
DA:45,0
DA:48,2
DA:49,0
DA:53,0
DA:56,2
DA:57,0
DA:65,2
DA:66,0
DA:72,0
LF:28
LH:10
BRDA:28,0,0,0
BRDA:40,1,0,0
BRDA:59,2,0,0
BRDA:59,2,1,0
BRDA:59,3,0,0
BRDA:59,3,1,0
BRDA:59,4,0,0
BRDA:59,4,1,0
BRDA:61,5,0,0
BRDA:61,5,1,0
BRDA:61,5,2,0
BRDA:61,6,0,0
BRDA:61,6,1,0
BRDA:61,7,0,0
BRDA:61,7,1,0
BRDA:61,8,0,0
BRDA:61,8,1,0
BRDA:61,9,0,0
BRDA:61,9,1,0
BRF:19
BRH:0
end_of_record
TN:
SF:src/db/dal/recipe.ts
FN:8,(anonymous_7)
FN:12,(anonymous_8)
FN:12,(anonymous_9)
FN:23,(anonymous_10)
FN:23,(anonymous_11)
FN:34,(anonymous_12)
FN:34,(anonymous_13)
FN:42,(anonymous_14)
FN:42,(anonymous_15)
FN:51,(anonymous_16)
FN:51,(anonymous_17)
FNF:11
FNH:4
FNDA:0,(anonymous_7)
FNDA:0,(anonymous_8)
FNDA:0,(anonymous_9)
FNDA:1,(anonymous_10)
FNDA:1,(anonymous_11)
FNDA:0,(anonymous_12)
FNDA:0,(anonymous_13)
FNDA:1,(anonymous_14)
FNDA:1,(anonymous_15)
FNDA:0,(anonymous_16)
FNDA:0,(anonymous_17)
DA:1,1
DA:2,1
DA:4,1
DA:8,1
DA:9,0
DA:12,1
DA:13,0
DA:15,0
DA:17,0
DA:20,0
DA:23,1
DA:24,1
DA:26,1
DA:28,0
DA:31,1
DA:34,1
DA:35,0
DA:39,0
DA:42,1
DA:43,1
DA:51,1
DA:52,0
DA:56,0
LF:23
LH:13
BRDA:15,0,0,0
BRDA:26,1,0,0
BRDA:45,2,0,1
BRDA:45,2,1,0
BRDA:45,3,0,0
BRDA:45,3,1,1
BRDA:45,4,0,1
BRDA:45,4,1,1
BRDA:47,5,0,1
BRDA:47,5,1,1
BRDA:47,5,2,0
BRDA:47,6,0,0
BRDA:47,6,1,1
BRDA:47,7,0,1
BRDA:47,7,1,1
BRDA:47,8,0,0
BRDA:47,8,1,1
BRDA:47,9,0,1
BRDA:47,9,1,1
BRF:19
BRH:12
end_of_record
TN:
SF:src/db/models/Ingredient.ts
FNF:0
FNH:0
DA:1,2
DA:3,2
DA:33,2
DA:59,2
LF:4
LH:4
BRF:0
BRH:0
end_of_record
TN:
SF:src/db/models/Recipe.ts
FNF:0
FNH:0
DA:1,2
DA:3,2
DA:41,2
DA:70,2
LF:4
LH:4
BRF:0
BRH:0
end_of_record
TN:
SF:src/db/models/RecipeIngredient.ts
FNF:0
FNH:0
DA:1,2
DA:3,2
DA:4,2
DA:29,2
DA:53,2
DA:56,2
DA:60,2
LF:7
LH:7
BRF:0
BRH:0
end_of_record
TN:
SF:src/db/models/RecipeTag.ts
FNF:0
FNH:0
DA:1,2
DA:3,2
DA:4,2
DA:30,2
DA:54,2
DA:57,2
DA:61,2
LF:7
LH:7
BRF:0
BRH:0
end_of_record
TN:
SF:src/db/models/Review.ts
FNF:0
FNH:0
DA:1,2
DA:3,2
DA:4,2
DA:41,2
DA:78,2
DA:84,2
LF:6
LH:6
BRF:0
BRH:0
end_of_record
TN:
SF:src/db/models/Tag.ts
FNF:0
FNH:0
DA:1,2
DA:3,2
DA:29,2
DA:49,2
LF:4
LH:4
BRF:0
BRH:0
end_of_record
TN:
SF:src/db/models/index.ts
FNF:0
FNH:0
DA:1,2
DA:2,2
DA:3,2
DA:4,2
DA:5,2
DA:6,2
DA:9,2
DA:10,2
DA:11,2
DA:12,2
DA:13,2
DA:14,2
LF:12
LH:12
BRF:0
BRH:0
end_of_record
TN:
SF:src/db/services/IngredientService.ts
FN:7,(anonymous_13)
FN:7,(anonymous_14)
FN:16,(anonymous_15)
FN:16,(anonymous_16)
FN:27,(anonymous_17)
FN:31,(anonymous_18)
FN:35,(anonymous_19)
FNF:7
FNH:0
FNDA:0,(anonymous_13)
FNDA:0,(anonymous_14)
FNDA:0,(anonymous_15)
FNDA:0,(anonymous_16)
FNDA:0,(anonymous_17)
FNDA:0,(anonymous_18)
FNDA:0,(anonymous_19)
DA:1,1
DA:3,1
DA:7,1
DA:8,0
DA:9,0
DA:11,0
DA:13,0
DA:16,1
DA:17,0
DA:18,0
DA:19,0
DA:21,0
DA:24,0
DA:27,1
DA:28,0
DA:31,1
DA:32,0
DA:35,1
DA:36,0
LF:19
LH:7
BRDA:11,0,0,0
BRDA:11,0,1,0
BRDA:17,1,0,0
BRDA:21,2,0,0
BRDA:21,2,1,0
BRF:5
BRH:0
end_of_record
TN:
SF:src/db/services/RecipeService.ts
FN:9,(anonymous_13)
FN:9,(anonymous_14)
FN:24,(anonymous_15)
FN:24,(anonymous_16)
FN:28,(anonymous_17)
FN:28,(anonymous_18)
FN:39,(anonymous_19)
FN:39,(anonymous_20)
FN:43,(anonymous_21)
FN:43,(anonymous_22)
FNF:10
FNH:4
FNDA:0,(anonymous_13)
FNDA:0,(anonymous_14)
FNDA:1,(anonymous_15)
FNDA:1,(anonymous_16)
FNDA:0,(anonymous_17)
FNDA:0,(anonymous_18)
FNDA:0,(anonymous_19)
FNDA:0,(anonymous_20)
FNDA:1,(anonymous_21)
FNDA:1,(anonymous_22)
DA:1,1
DA:3,1
DA:4,1
DA:9,1
DA:10,0
DA:11,0
DA:13,0
DA:15,0
DA:16,0
DA:18,0
DA:21,0
DA:24,1
DA:25,1
DA:28,1
DA:29,0
DA:30,0
DA:31,0
DA:33,0
DA:36,0
DA:39,1
DA:40,0
DA:43,1
DA:44,1
LF:23
LH:10
BRDA:13,0,0,0
BRDA:13,0,1,0
BRDA:15,1,0,0
BRDA:29,2,0,0
BRDA:33,3,0,0
BRDA:33,3,1,0
BRF:6
BRH:0
end_of_record
TN:
SF:src/db/services/ReviewService.ts
FN:5,(anonymous_6)
FN:9,(anonymous_7)
FN:13,(anonymous_8)
FN:17,(anonymous_9)
FN:21,(anonymous_10)
FN:25,(anonymous_11)
FN:32,(anonymous_12)
FNF:7
FNH:1
FNDA:0,(anonymous_6)
FNDA:0,(anonymous_7)
FNDA:0,(anonymous_8)
FNDA:0,(anonymous_9)
FNDA:0,(anonymous_10)
FNDA:1,(anonymous_11)
FNDA:0,(anonymous_12)
DA:1,1
DA:5,1
DA:6,0
DA:9,1
DA:10,0
DA:13,1
DA:14,0
DA:17,1
DA:18,0
DA:21,1
DA:22,0
DA:25,1
DA:26,1
DA:32,1
DA:33,0
LF:15
LH:9
BRF:0
BRH:0
end_of_record
TN:
SF:src/lib/check-cache.ts
FN:5,(anonymous_1)
FNF:1
FNH:1
FNDA:1,(anonymous_1)
DA:3,1
DA:5,1
DA:6,1
DA:7,1
DA:8,1
DA:10,1
DA:11,0
DA:13,0
DA:16,1
DA:19,0
LF:10
LH:7
BRDA:10,0,0,0
BRDA:10,1,0,1
BRDA:10,1,1,1
BRF:3
BRH:2
end_of_record
TN:
SF:src/lib/local-cache.ts
FN:10,(anonymous_1)
FN:17,(anonymous_2)
FN:25,(anonymous_3)
FN:29,(anonymous_4)
FN:33,(anonymous_5)
FN:37,(anonymous_6)
FNF:6
FNH:4
FNDA:2,(anonymous_1)
FNDA:2,(anonymous_2)
FNDA:0,(anonymous_3)
FNDA:1,(anonymous_4)
FNDA:0,(anonymous_5)
FNDA:3,(anonymous_6)
DA:1,2
DA:11,2
DA:18,2
DA:19,2
DA:22,2
DA:26,0
DA:30,1
DA:34,0
DA:38,3
DA:42,2
LF:10
LH:8
BRDA:18,0,0,2
BRF:1
BRH:1
end_of_record
TN:
SF:tests/helpers.ts
FNF:0
FNH:0
DA:1,1
DA:3,1
DA:5,1
LF:3
LH:3
BRF:0
BRH:0
end_of_record
